<?xml version="1.0" encoding="UTF-8"?>
<!-- Generated by org.testng.reporters.JUnitXMLReporter -->
<testsuite ignored="5" hostname="DESKTOP-CRS23S6" failures="0" tests="1" name="Test" time="8.695" errors="0" timestamp="2023-01-06T22:39:43 IST">
  <testcase classname="testing.TestNG_RegressionSanity" name="redmine" time="5.508"/>
  <testcase classname="testing.TestNG_RegressionSanity" name="google" time="0.0">
    <ignored/>
  </testcase> <!-- google -->
  <testcase classname="testing.TestNG_RegressionSanity" name="seleniumdev" time="0.0">
    <ignored/>
  </testcase> <!-- seleniumdev -->
  <testcase classname="testing.TestNG_RegressionSanity" name="facebook" time="0.0">
    <ignored/>
  </testcase> <!-- facebook -->
  <testcase classname="testing.TestNG_RegressionSanity" name="gmail" time="0.0">
    <ignored/>
  </testcase> <!-- gmail -->
  <testcase classname="testing.TestNG_RegressionSanity" name="twitter" time="0.0">
    <ignored/>
  </testcase> <!-- twitter -->
</testsuite> <!-- Test -->
