<?xml version="1.0" encoding="UTF-8"?>
<testng-results ignored="0" total="1" passed="1" failed="0" skipped="0">
  <reporter-output>
  </reporter-output>
  <suite started-at="2023-01-27T01:01:45 IST" name="Default suite" finished-at="2023-01-27T01:01:59 IST" duration-ms="13721">
    <groups>
    </groups>
    <test started-at="2023-01-27T01:01:45 IST" name="Default test" finished-at="2023-01-27T01:01:59 IST" duration-ms="13721">
      <class name="advancedfeatures.VerifyLogInErrorMessage">
        <test-method is-config="true" signature="beforeTest()[pri:0, instance:advancedfeatures.VerifyLogInErrorMessage@729d991e]" started-at="2023-01-27T01:01:45 IST" name="beforeTest" finished-at="2023-01-27T01:01:48 IST" duration-ms="2510" status="PASS">
          <reporter-output>
          </reporter-output>
        </test-method> <!-- beforeTest -->
        <test-method signature="verifyseleniumlevelsponserssection()[pri:0, instance:advancedfeatures.VerifyLogInErrorMessage@729d991e]" started-at="2023-01-27T01:01:48 IST" name="verifyseleniumlevelsponserssection" finished-at="2023-01-27T01:01:59 IST" duration-ms="11144" status="PASS">
          <reporter-output>
          </reporter-output>
        </test-method> <!-- verifyseleniumlevelsponserssection -->
      </class> <!-- advancedfeatures.VerifyLogInErrorMessage -->
    </test> <!-- Default test -->
  </suite> <!-- Default suite -->
</testng-results>
